<?xml version="1.0" encoding="UTF-8"?>
<!-- Generated by org.testng.reporters.JUnitReportReporter -->
<testsuite skipped="2" hostname="PYTs-MacBook-Air.local" name="com.TestNG.Test_Ignore" tests="5" failures="0" timestamp="2022-02-09T23:44:48 IST" time="0.020" errors="0">
  <testcase name="aMethod" time="0.015" classname="com.TestNG.Test_Ignore"/>
  <testcase name="fMethod" time="0.002" classname="com.TestNG.Test_Ignore"/>
  <testcase name="dMethod" time="0.003" classname="com.TestNG.Test_Ignore"/>
  <testcase name="bMethod" classname="com.TestNG.Test_Ignore">
    <skipped/>
  </testcase> <!-- bMethod -->
  <testcase name="eMethod" classname="com.TestNG.Test_Ignore">
    <skipped/>
  </testcase> <!-- eMethod -->
</testsuite> <!-- com.TestNG.Test_Ignore -->
