<?xml version="1.0" encoding="UTF-8"?>
<!-- Generated by org.testng.reporters.JUnitReportReporter -->
<testsuite skipped="0" hostname="PYTs-MacBook-Air.local" name="com.TestNG.TestNG_DependsOn" tests="4" failures="0" timestamp="2022-02-15T21:12:39 IST" time="6.889" errors="0">
  <testcase name="getC" time="0.004" classname="com.TestNG.TestNG_DependsOn"/>
  <testcase name="BrowserlaunchA" time="6.881" classname="com.TestNG.TestNG_DependsOn"/>
  <testcase name="navigateto" time="0.002" classname="com.TestNG.TestNG_DependsOn"/>
  <testcase name="getD" time="0.002" classname="com.TestNG.TestNG_DependsOn"/>
</testsuite> <!-- com.TestNG.TestNG_DependsOn -->
