<?xml version="1.0" encoding="UTF-8"?>
<!-- Generated by org.testng.reporters.JUnitReportReporter -->
<testsuite skipped="0" hostname="PYTs-MacBook-Air.local" name="com.TestNG.TestNG_Assertion" tests="2" failures="0" timestamp="2022-02-18T23:15:29 IST" time="3.671" errors="0">
  <testcase name="checkTitle" time="0.020" classname="com.TestNG.TestNG_Assertion"/>
  <testcase name="login" time="3.651" classname="com.TestNG.TestNG_Assertion"/>
</testsuite> <!-- com.TestNG.TestNG_Assertion -->
