<?xml version="1.0" encoding="UTF-8"?>
<!-- Generated by org.testng.reporters.JUnitReportReporter -->
<testsuite skipped="0" hostname="PYTs-MacBook-Air.local" name="com.TestNG.Testng_Dataprovider" tests="2" failures="0" timestamp="2022-02-16T17:27:19 IST" time="0.016" errors="0">
  <testcase name="methodData" time="0.003" classname="com.TestNG.Testng_Dataprovider"/>
  <testcase name="methodData" time="0.013" classname="com.TestNG.Testng_Dataprovider"/>
</testsuite> <!-- com.TestNG.Testng_Dataprovider -->
