<?xml version="1.0" encoding="UTF-8"?>
<!-- Generated by org.testng.reporters.JUnitReportReporter -->
<testsuite skipped="0" hostname="PYTs-MacBook-Air.local" name="com.TestNG.TestNG_Crossbrowser" tests="2" failures="0" timestamp="2022-02-17T16:14:39 IST" time="0.012" errors="0">
  <testcase name="launch" time="0.003" classname="com.TestNG.TestNG_Crossbrowser"/>
  <testcase name="launch" time="0.009" classname="com.TestNG.TestNG_Crossbrowser"/>
</testsuite> <!-- com.TestNG.TestNG_Crossbrowser -->
