<?xml version="1.0" encoding="UTF-8"?>
<!-- Generated by org.testng.reporters.JUnitReportReporter -->
<testsuite skipped="0" hostname="PYTs-MacBook-Air.local" name="com.TestNG.Sample_Test" tests="2" failures="0" timestamp="2022-02-09T16:14:14 IST" time="0.019" errors="0">
  <testcase name="Searchcomputers" time="0.005" classname="com.TestNG.Sample_Test"/>
  <testcase name="SearchElectronics" time="0.014" classname="com.TestNG.Sample_Test"/>
</testsuite> <!-- com.TestNG.Sample_Test -->
