<?xml version="1.0" encoding="UTF-8"?>
<!-- Generated by org.testng.reporters.JUnitReportReporter -->
<testsuite skipped="0" hostname="PYTs-MacBook-Air.local" name="com.TestNG.Test_Invo_Priority" tests="9" failures="0" timestamp="2022-02-10T00:28:50 IST" time="0.042" errors="0">
  <testcase name="dMethod" time="0.014" classname="com.TestNG.Test_Invo_Priority"/>
  <testcase name="aMethod" time="0.002" classname="com.TestNG.Test_Invo_Priority"/>
  <testcase name="aMethod" time="0.004" classname="com.TestNG.Test_Invo_Priority"/>
  <testcase name="aMethod" time="0.004" classname="com.TestNG.Test_Invo_Priority"/>
  <testcase name="aMethod" time="0.007" classname="com.TestNG.Test_Invo_Priority"/>
  <testcase name="aMethod" time="0.002" classname="com.TestNG.Test_Invo_Priority"/>
  <testcase name="bMethod" time="0.002" classname="com.TestNG.Test_Invo_Priority"/>
  <testcase name="eMethod1" time="0.005" classname="com.TestNG.Test_Invo_Priority"/>
  <testcase name="cMethod" time="0.002" classname="com.TestNG.Test_Invo_Priority"/>
</testsuite> <!-- com.TestNG.Test_Invo_Priority -->
