<?xml version="1.0" encoding="UTF-8"?>
<!-- Generated by org.testng.reporters.JUnitReportReporter -->
<testsuite skipped="0" hostname="PYTs-MacBook-Air.local" name="com.TestNG.Test_ParallelTesting" tests="4" failures="0" timestamp="2022-02-17T16:07:26 IST" time="0.049" errors="0">
  <testcase name="Test_Method1" time="0.003" classname="com.TestNG.Test_ParallelTesting"/>
  <testcase name="Test_Method2" time="0.004" classname="com.TestNG.Test_ParallelTesting"/>
  <testcase name="Test_Method1" time="0.021" classname="com.TestNG.Test_ParallelTesting"/>
  <testcase name="Test_Method2" time="0.021" classname="com.TestNG.Test_ParallelTesting"/>
</testsuite> <!-- com.TestNG.Test_ParallelTesting -->
