<?xml version="1.0" encoding="UTF-8"?>
<!-- Generated by org.testng.reporters.JUnitReportReporter -->
<testsuite skipped="0" hostname="PYTs-MacBook-Air.local" name="com.TestNG.Test_Expected_Exception" tests="2" failures="0" timestamp="2022-02-11T23:16:33 IST" time="0.019" errors="0">
  <testcase name="method1" time="0.017" classname="com.TestNG.Test_Expected_Exception"/>
  <testcase name="method2" time="0.002" classname="com.TestNG.Test_Expected_Exception"/>
</testsuite> <!-- com.TestNG.Test_Expected_Exception -->
