<?xml version="1.0" encoding="UTF-8"?>
<!-- Generated by org.testng.reporters.JUnitReportReporter -->
<testsuite skipped="0" hostname="PYTs-MacBook-Air.local" name="com.TestNG.Testng_Groups" tests="3" failures="0" timestamp="2022-02-16T17:08:28 IST" time="1.101" errors="0">
  <testcase name="signin" time="1.078" classname="com.TestNG.Testng_Groups"/>
  <testcase name="getCurrenturl" time="0.013" classname="com.TestNG.Testng_Groups"/>
  <testcase name="login" time="0.010" classname="com.TestNG.Testng_Groups"/>
</testsuite> <!-- com.TestNG.Testng_Groups -->
